23:39:36.540 [main] INFO  MobileProgrammingLLC.Tests.Listeners - 
--------------------Test1--------------------

23:39:36.559 [main] INFO  MobileProgrammingLLC.Tests.WebViewTest_Web_ValidatingYahooSignInPopUp - Initializing Configurations...
23:39:36.559 [main] DEBUG MobileProgrammingLLC.Resources.Base - Loading locators...
23:39:36.559 [main] INFO  MobileProgrammingLLC.Resources.Base - Locators successfully loaded.
23:39:36.559 [main] DEBUG MobileProgrammingLLC.Resources.Base - Loading config file...
23:39:36.559 [main] INFO  MobileProgrammingLLC.Resources.Base - Config file successfully loaded.
23:39:36.559 [main] DEBUG MobileProgrammingLLC.Resources.Base - Loading data...
23:39:36.559 [main] INFO  MobileProgrammingLLC.Resources.Base - Data successfully loaded.
23:39:36.567 [main] DEBUG MobileProgrammingLLC.Resources.Base - Starting Appium Server...
23:39:46.134 [main] INFO  MobileProgrammingLLC.Resources.Base - Server successfully started.
23:39:46.134 [main] DEBUG MobileProgrammingLLC.Resources.Base - Setting Capabilities...
23:39:46.138 [main] DEBUG MobileProgrammingLLC.Resources.Base - Starting Emulator...
23:39:48.487 [main] INFO  MobileProgrammingLLC.Resources.Base - Emulator successfully started.
23:39:48.488 [main] INFO  MobileProgrammingLLC.Resources.Base - Capabilities Successfully set.
23:39:48.488 [main] DEBUG MobileProgrammingLLC.Resources.Base - Invoking the Native Application...
23:39:48.488 [main] INFO  MobileProgrammingLLC.Resources.Base - Application successfully invoked.
23:39:48.488 [main] DEBUG MobileProgrammingLLC.Resources.Base - Creating connection with Appium Server...
23:40:03.322 [main] INFO  MobileProgrammingLLC.Resources.Base - Connection successfully created.
23:40:04.342 [main] INFO  MobileProgrammingLLC.Tests.WebViewTest_Web_ValidatingYahooSignInPopUp - Configurations Successfully Initialized.
23:40:04.352 [main] INFO  MobileProgrammingLLC.Tests.Listeners - 
--------------------app_validateIntroTitle--------------------

23:40:04.353 [main] DEBUG MobileProgrammingLLC.Resources.Base - Attempting to compare content returned by "Located by By.chained({By.xpath: //android.widget.TextView[@text='Testing WebView Android App']})" from "Testing WebView Android App" ...
23:40:05.218 [main] INFO  MobileProgrammingLLC.Resources.Base - Comparison Successful!
23:40:05.218 [main] INFO  MobileProgrammingLLC.Tests.Listeners - Script 'app_validateIntroTitle' passed.
23:40:05.221 [main] INFO  MobileProgrammingLLC.Tests.Listeners - 
--------------------app_handlingConfirmPopUps--------------------

23:40:05.222 [main] DEBUG MobileProgrammingLLC.Resources.Base - Attempting to tap on element 'Located by By.chained({By.id: com.snc.test.webview2:id/action_go_website})'...
23:40:05.509 [main] INFO  MobileProgrammingLLC.Resources.Base - Successfully tapped on 'Located by By.chained({By.id: com.snc.test.webview2:id/action_go_website})'
23:40:05.509 [main] DEBUG MobileProgrammingLLC.Resources.Base - Attempting to tap on element 'Located by By.chained({By.AndroidUIAutomator: text("ALLOW")})'...
23:40:10.573 [main] INFO  MobileProgrammingLLC.Resources.Base - Successfully tapped on 'Located by By.chained({By.AndroidUIAutomator: text("ALLOW")})'
23:40:10.573 [main] DEBUG MobileProgrammingLLC.Resources.Base - Attempting to tap on element 'Located by By.chained({By.AndroidUIAutomator: text("ALLOW")})'...
23:40:12.597 [main] INFO  MobileProgrammingLLC.Resources.Base - Successfully tapped on 'Located by By.chained({By.AndroidUIAutomator: text("ALLOW")})'
23:40:12.597 [main] DEBUG MobileProgrammingLLC.Resources.Base - Attempting to tap on element 'Located by By.chained({By.AndroidUIAutomator: text("ALLOW")})'...
23:40:15.281 [main] INFO  MobileProgrammingLLC.Resources.Base - Successfully tapped on 'Located by By.chained({By.AndroidUIAutomator: text("ALLOW")})'
23:40:15.281 [main] INFO  MobileProgrammingLLC.Tests.Listeners - Script 'app_handlingConfirmPopUps' passed.
23:40:15.282 [main] INFO  MobileProgrammingLLC.Tests.Listeners - 
--------------------app_navigatingToWebSite--------------------

23:40:15.283 [main] DEBUG MobileProgrammingLLC.Resources.Base - Attempting to send "www.yahoo.com" to element "Located by By.chained({By.id: com.snc.test.webview2:id/input_url})"...
23:40:17.817 [main] INFO  MobileProgrammingLLC.Resources.Base - Content "www.yahoo.com" entered successfully into element "Located by By.chained({By.id: com.snc.test.webview2:id/input_url})"
23:40:17.817 [main] DEBUG MobileProgrammingLLC.Resources.Base - Attempting to tap on element 'Located by By.chained({By.xpath: //android.widget.Button[@text='MOVE']})'...
23:40:18.660 [main] INFO  MobileProgrammingLLC.Resources.Base - Successfully tapped on 'Located by By.chained({By.xpath: //android.widget.Button[@text='MOVE']})'
23:40:19.135 [main] DEBUG MobileProgrammingLLC.Resources.Base - Attempting to switch the context...
23:40:28.529 [main] INFO  MobileProgrammingLLC.Resources.Base - Switched to context WEBVIEW_com.snc.test.webview2 successfully.
23:40:28.529 [main] DEBUG MobileProgrammingLLC.Resources.Base - Waiting for By.xpath: //a[@id='header-logo'] to be clickable in DOM...
23:40:36.262 [main] INFO  MobileProgrammingLLC.Resources.Base - Element successfully located.
23:40:39.781 [main] DEBUG MobileProgrammingLLC.Resources.Base - Attempting to locate Located by By.xpath: //a[@id='header-logo'] on the page...
23:40:40.180 [main] INFO  MobileProgrammingLLC.Resources.Base - Located by By.xpath: //a[@id='header-logo'] is displayed on the page successfully.
23:40:40.181 [main] INFO  MobileProgrammingLLC.Tests.Listeners - Script 'app_navigatingToWebSite' passed.
23:40:40.182 [main] INFO  MobileProgrammingLLC.Tests.Listeners - 
--------------------app_tapOnNavigationMenuBtn--------------------

23:40:40.325 [main] DEBUG MobileProgrammingLLC.Resources.Base - Attempting to switch the context...
23:40:40.420 [main] INFO  MobileProgrammingLLC.Resources.Base - Switched to context NATIVE_APP successfully.
23:40:40.420 [main] DEBUG MobileProgrammingLLC.Resources.Base - Attempting to tap on element 'Located by By.chained({By.xpath: //android.widget.ImageButton})'...
23:41:08.730 [main] INFO  MobileProgrammingLLC.Resources.Base - Successfully tapped on 'Located by By.chained({By.xpath: //android.widget.ImageButton})'
23:41:08.731 [main] INFO  MobileProgrammingLLC.Tests.Listeners - Script 'app_tapOnNavigationMenuBtn' passed.
23:41:09.150 [main] DEBUG MobileProgrammingLLC.Resources.Base - Stopping Appium Server...
23:41:09.205 [main] INFO  MobileProgrammingLLC.Resources.Base - Server successfully stopped.
23:41:09.224 [main] INFO  MobileProgrammingLLC.Tests.Listeners - 
--------------------Test1--------------------

01:39:31.360 [main] INFO  MobileProgrammingLLC.Tests.Listeners - 
--------------------Test1--------------------

01:39:31.383 [main] INFO  MobileProgrammingLLC.Tests.WebViewTest_App_ValidatingAboutSection - Initializing Configurations...
01:39:31.383 [main] DEBUG MobileProgrammingLLC.Resources.Base - Loading locators...
01:39:31.383 [main] INFO  MobileProgrammingLLC.Resources.Base - Locators successfully loaded.
01:39:31.383 [main] DEBUG MobileProgrammingLLC.Resources.Base - Loading config file...
01:39:31.383 [main] INFO  MobileProgrammingLLC.Resources.Base - Config file successfully loaded.
01:39:31.383 [main] DEBUG MobileProgrammingLLC.Resources.Base - Loading data...
01:39:31.384 [main] INFO  MobileProgrammingLLC.Resources.Base - Data successfully loaded.
01:39:31.393 [main] DEBUG MobileProgrammingLLC.Resources.Base - Starting Appium Server...
01:39:41.003 [main] INFO  MobileProgrammingLLC.Resources.Base - Server successfully started.
01:39:41.003 [main] DEBUG MobileProgrammingLLC.Resources.Base - Setting Capabilities...
01:39:41.007 [main] DEBUG MobileProgrammingLLC.Resources.Base - Starting Emulator...
01:39:43.362 [main] INFO  MobileProgrammingLLC.Resources.Base - Emulator successfully started.
01:39:43.363 [main] INFO  MobileProgrammingLLC.Resources.Base - Capabilities Successfully set.
01:39:43.363 [main] DEBUG MobileProgrammingLLC.Resources.Base - Invoking the Native Application...
01:39:43.363 [main] INFO  MobileProgrammingLLC.Resources.Base - Application successfully invoked.
01:39:43.363 [main] DEBUG MobileProgrammingLLC.Resources.Base - Creating connection with Appium Server...
01:40:03.299 [main] INFO  MobileProgrammingLLC.Resources.Base - Connection successfully created.
01:40:04.258 [main] INFO  MobileProgrammingLLC.Tests.WebViewTest_App_ValidatingAboutSection - Configurations Successfully Initialized.
01:40:04.268 [main] INFO  MobileProgrammingLLC.Tests.Listeners - 
--------------------app_validateIntroTitle--------------------

01:40:04.269 [main] DEBUG MobileProgrammingLLC.Resources.Base - Attempting to compare content returned by "Located by By.chained({By.xpath: //android.widget.TextView[@text='Testing WebView Android App']})" from "Testing WebView Android App" ...
01:40:04.893 [main] INFO  MobileProgrammingLLC.Resources.Base - Comparison Successful!
01:40:04.894 [main] INFO  MobileProgrammingLLC.Tests.Listeners - Script 'app_validateIntroTitle' passed.
01:40:04.896 [main] INFO  MobileProgrammingLLC.Tests.Listeners - 
--------------------app_tapOnNavigationMenuBtn--------------------

01:40:04.974 [main] DEBUG MobileProgrammingLLC.Resources.Base - Attempting to switch the context...
01:40:05.055 [main] INFO  MobileProgrammingLLC.Resources.Base - Switched to context NATIVE_APP successfully.
01:40:05.055 [main] DEBUG MobileProgrammingLLC.Resources.Base - Attempting to tap on element 'Located by By.chained({By.xpath: //android.widget.ImageButton})'...
01:40:05.493 [main] INFO  MobileProgrammingLLC.Resources.Base - Successfully tapped on 'Located by By.chained({By.xpath: //android.widget.ImageButton})'
01:40:05.494 [main] INFO  MobileProgrammingLLC.Tests.Listeners - Script 'app_tapOnNavigationMenuBtn' passed.
01:40:05.495 [main] INFO  MobileProgrammingLLC.Tests.Listeners - 
--------------------app_tapOnAboutOption--------------------

01:40:05.495 [main] DEBUG MobileProgrammingLLC.Resources.Base - Attempting to tap on element 'Located by By.chained({By.AndroidUIAutomator: text("About")})'...
01:40:09.384 [main] INFO  MobileProgrammingLLC.Resources.Base - Successfully tapped on 'Located by By.chained({By.AndroidUIAutomator: text("About")})'
01:40:09.384 [main] INFO  MobileProgrammingLLC.Tests.Listeners - Script 'app_tapOnAboutOption' passed.
01:40:09.385 [main] INFO  MobileProgrammingLLC.Tests.Listeners - 
--------------------app_verifyAboutPage--------------------

01:40:09.386 [main] DEBUG MobileProgrammingLLC.Resources.Base - Attempting to locate Located by By.chained({By.className: android.widget.ImageView}) on the page...
01:40:10.450 [main] INFO  MobileProgrammingLLC.Resources.Base - Located by By.chained({By.className: android.widget.ImageView}) is displayed on the page successfully.
01:40:10.450 [main] DEBUG MobileProgrammingLLC.Resources.Base - Attempting to locate Located by By.chained({By.AndroidUIAutomator: text("Developer")}) on the page...
01:40:10.734 [main] INFO  MobileProgrammingLLC.Resources.Base - Located by By.chained({By.AndroidUIAutomator: text("Developer")}) is displayed on the page successfully.
01:40:10.735 [main] DEBUG MobileProgrammingLLC.Resources.Base - Attempting to locate Located by By.chained({By.xpath: //android.widget.TextView[@text='Development']}) on the page...
01:40:11.247 [main] INFO  MobileProgrammingLLC.Resources.Base - Located by By.chained({By.xpath: //android.widget.TextView[@text='Development']}) is displayed on the page successfully.
01:40:11.247 [main] DEBUG MobileProgrammingLLC.Resources.Base - Attempting to locate Located by By.chained({By.id: com.snc.test.webview2:id/license}) on the page...
01:40:11.426 [main] INFO  MobileProgrammingLLC.Resources.Base - Located by By.chained({By.id: com.snc.test.webview2:id/license}) is displayed on the page successfully.
01:40:11.426 [main] DEBUG MobileProgrammingLLC.Resources.Base - Attempting to locate Located by By.chained({By.xpath: //android.widget.TextView[contains(@text,'Copyright ©')]}) on the page...
01:40:12.632 [main] INFO  MobileProgrammingLLC.Resources.Base - Located by By.chained({By.xpath: //android.widget.TextView[contains(@text,'Copyright ©')]}) is displayed on the page successfully.
01:40:12.632 [main] INFO  MobileProgrammingLLC.Tests.Listeners - Script 'app_verifyAboutPage' passed.
01:40:13.191 [main] DEBUG MobileProgrammingLLC.Resources.Base - Stopping Appium Server...
01:40:13.242 [main] INFO  MobileProgrammingLLC.Resources.Base - Server successfully stopped.
01:40:13.243 [main] INFO  MobileProgrammingLLC.Tests.WebViewTest_Web_ValidatingHomePageRedirection - Initializing Configurations...
01:40:13.243 [main] DEBUG MobileProgrammingLLC.Resources.Base - Loading locators...
01:40:13.243 [main] INFO  MobileProgrammingLLC.Resources.Base - Locators successfully loaded.
01:40:13.243 [main] DEBUG MobileProgrammingLLC.Resources.Base - Loading config file...
01:40:13.244 [main] INFO  MobileProgrammingLLC.Resources.Base - Config file successfully loaded.
01:40:13.244 [main] DEBUG MobileProgrammingLLC.Resources.Base - Loading data...
01:40:13.244 [main] INFO  MobileProgrammingLLC.Resources.Base - Data successfully loaded.
01:40:13.257 [main] DEBUG MobileProgrammingLLC.Resources.Base - Starting Appium Server...
01:40:24.060 [main] INFO  MobileProgrammingLLC.Resources.Base - Server successfully started.
01:40:24.060 [main] DEBUG MobileProgrammingLLC.Resources.Base - Setting Capabilities...
01:40:24.060 [main] DEBUG MobileProgrammingLLC.Resources.Base - Starting Emulator...
01:40:26.401 [main] INFO  MobileProgrammingLLC.Resources.Base - Emulator successfully started.
01:40:26.402 [main] INFO  MobileProgrammingLLC.Resources.Base - Capabilities Successfully set.
01:40:26.402 [main] DEBUG MobileProgrammingLLC.Resources.Base - Invoking the Native Application...
01:40:26.402 [main] INFO  MobileProgrammingLLC.Resources.Base - Application successfully invoked.
01:40:26.402 [main] DEBUG MobileProgrammingLLC.Resources.Base - Creating connection with Appium Server...
01:40:39.776 [main] INFO  MobileProgrammingLLC.Resources.Base - Connection successfully created.
01:40:39.946 [main] INFO  MobileProgrammingLLC.Tests.WebViewTest_Web_ValidatingHomePageRedirection - Configurations Successfully Initialized.
01:40:39.946 [main] INFO  MobileProgrammingLLC.Tests.Listeners - 
--------------------app_validateIntroTitle--------------------

01:40:39.947 [main] DEBUG MobileProgrammingLLC.Resources.Base - Attempting to compare content returned by "Located by By.chained({By.xpath: //android.widget.TextView[@text='Testing WebView Android App']})" from "Testing WebView Android App" ...
01:40:41.356 [main] INFO  MobileProgrammingLLC.Resources.Base - Comparison Successful!
01:40:41.356 [main] INFO  MobileProgrammingLLC.Tests.Listeners - Script 'app_validateIntroTitle' passed.
01:40:41.357 [main] INFO  MobileProgrammingLLC.Tests.Listeners - 
--------------------app_handlingConfirmPopUps--------------------

01:40:41.358 [main] DEBUG MobileProgrammingLLC.Resources.Base - Attempting to tap on element 'Located by By.chained({By.id: com.snc.test.webview2:id/action_go_website})'...
01:40:41.616 [main] INFO  MobileProgrammingLLC.Resources.Base - Successfully tapped on 'Located by By.chained({By.id: com.snc.test.webview2:id/action_go_website})'
01:40:41.616 [main] DEBUG MobileProgrammingLLC.Resources.Base - Attempting to tap on element 'Located by By.chained({By.AndroidUIAutomator: text("ALLOW")})'...
01:40:48.688 [main] INFO  MobileProgrammingLLC.Resources.Base - Successfully tapped on 'Located by By.chained({By.AndroidUIAutomator: text("ALLOW")})'
01:40:48.688 [main] DEBUG MobileProgrammingLLC.Resources.Base - Attempting to tap on element 'Located by By.chained({By.AndroidUIAutomator: text("ALLOW")})'...
01:40:51.365 [main] INFO  MobileProgrammingLLC.Resources.Base - Successfully tapped on 'Located by By.chained({By.AndroidUIAutomator: text("ALLOW")})'
01:40:51.365 [main] DEBUG MobileProgrammingLLC.Resources.Base - Attempting to tap on element 'Located by By.chained({By.AndroidUIAutomator: text("ALLOW")})'...
01:40:53.661 [main] INFO  MobileProgrammingLLC.Resources.Base - Successfully tapped on 'Located by By.chained({By.AndroidUIAutomator: text("ALLOW")})'
01:40:53.661 [main] INFO  MobileProgrammingLLC.Tests.Listeners - Script 'app_handlingConfirmPopUps' passed.
01:40:53.663 [main] INFO  MobileProgrammingLLC.Tests.Listeners - 
--------------------app_navigatingToWebSite--------------------

01:40:53.664 [main] DEBUG MobileProgrammingLLC.Resources.Base - Attempting to send "www.yahoo.com" to element "Located by By.chained({By.id: com.snc.test.webview2:id/input_url})"...
01:40:56.255 [main] INFO  MobileProgrammingLLC.Resources.Base - Content "www.yahoo.com" entered successfully into element "Located by By.chained({By.id: com.snc.test.webview2:id/input_url})"
01:40:56.256 [main] DEBUG MobileProgrammingLLC.Resources.Base - Attempting to tap on element 'Located by By.chained({By.xpath: //android.widget.Button[@text='MOVE']})'...
01:40:57.104 [main] INFO  MobileProgrammingLLC.Resources.Base - Successfully tapped on 'Located by By.chained({By.xpath: //android.widget.Button[@text='MOVE']})'
01:40:57.301 [main] DEBUG MobileProgrammingLLC.Resources.Base - Attempting to switch the context...
01:40:58.727 [main] INFO  MobileProgrammingLLC.Resources.Base - Switched to context WEBVIEW_com.snc.test.webview2 successfully.
01:40:58.727 [main] DEBUG MobileProgrammingLLC.Resources.Base - Waiting for By.xpath: //a[@id='header-logo'] to be clickable in DOM...
01:41:29.167 [main] ERROR MobileProgrammingLLC.Resources.Base - Element having locator 'By.xpath: //a[@id='header-logo']' could not be located.
01:41:30.389 [main] ERROR MobileProgrammingLLC.Tests.Listeners - Script 'app_navigatingToWebSite' failed. Dumping screenshot...
01:41:53.693 [main] ERROR MobileProgrammingLLC.Tests.Listeners - Screenshot capture interrupted.
01:41:54.200 [main] DEBUG MobileProgrammingLLC.Resources.Base - Stopping Appium Server...
01:41:54.255 [main] INFO  MobileProgrammingLLC.Resources.Base - Server successfully stopped.
01:41:54.294 [main] INFO  MobileProgrammingLLC.Tests.Listeners - 
--------------------Test1--------------------

01:42:56.572 [main] INFO  MobileProgrammingLLC.Tests.Listeners - 
--------------------Test1--------------------

01:42:56.596 [main] INFO  MobileProgrammingLLC.Tests.WebViewTest_App_ValidatingAboutSection - Initializing Configurations...
01:42:56.596 [main] DEBUG MobileProgrammingLLC.Resources.Base - Loading locators...
01:42:56.596 [main] INFO  MobileProgrammingLLC.Resources.Base - Locators successfully loaded.
01:42:56.596 [main] DEBUG MobileProgrammingLLC.Resources.Base - Loading config file...
01:42:56.596 [main] INFO  MobileProgrammingLLC.Resources.Base - Config file successfully loaded.
01:42:56.596 [main] DEBUG MobileProgrammingLLC.Resources.Base - Loading data...
01:42:56.596 [main] INFO  MobileProgrammingLLC.Resources.Base - Data successfully loaded.
01:42:56.605 [main] DEBUG MobileProgrammingLLC.Resources.Base - Starting Appium Server...
01:43:06.223 [main] INFO  MobileProgrammingLLC.Resources.Base - Server successfully started.
01:43:06.223 [main] DEBUG MobileProgrammingLLC.Resources.Base - Setting Capabilities...
01:43:06.226 [main] DEBUG MobileProgrammingLLC.Resources.Base - Starting Emulator...
01:43:08.586 [main] INFO  MobileProgrammingLLC.Resources.Base - Emulator successfully started.
01:43:08.586 [main] INFO  MobileProgrammingLLC.Resources.Base - Capabilities Successfully set.
01:43:08.586 [main] DEBUG MobileProgrammingLLC.Resources.Base - Invoking the Native Application...
01:43:08.587 [main] INFO  MobileProgrammingLLC.Resources.Base - Application successfully invoked.
01:43:08.587 [main] DEBUG MobileProgrammingLLC.Resources.Base - Creating connection with Appium Server...
01:43:22.780 [main] INFO  MobileProgrammingLLC.Resources.Base - Connection successfully created.
01:43:24.137 [main] INFO  MobileProgrammingLLC.Tests.WebViewTest_App_ValidatingAboutSection - Configurations Successfully Initialized.
01:43:24.149 [main] INFO  MobileProgrammingLLC.Tests.Listeners - 
--------------------app_validateIntroTitle--------------------

01:43:24.150 [main] DEBUG MobileProgrammingLLC.Resources.Base - Attempting to compare content returned by "Located by By.chained({By.xpath: //android.widget.TextView[@text='Testing WebView Android App']})" from "Testing WebView Android App" ...
01:43:24.680 [main] INFO  MobileProgrammingLLC.Resources.Base - Comparison Successful!
01:43:24.681 [main] INFO  MobileProgrammingLLC.Tests.Listeners - Script 'app_validateIntroTitle' passed.
01:43:24.685 [main] INFO  MobileProgrammingLLC.Tests.Listeners - 
--------------------app_tapOnNavigationMenuBtn--------------------

01:43:24.784 [main] DEBUG MobileProgrammingLLC.Resources.Base - Attempting to switch the context...
01:43:24.881 [main] INFO  MobileProgrammingLLC.Resources.Base - Switched to context NATIVE_APP successfully.
01:43:24.882 [main] DEBUG MobileProgrammingLLC.Resources.Base - Attempting to tap on element 'Located by By.chained({By.xpath: //android.widget.ImageButton})'...
01:43:25.357 [main] INFO  MobileProgrammingLLC.Resources.Base - Successfully tapped on 'Located by By.chained({By.xpath: //android.widget.ImageButton})'
01:43:25.357 [main] INFO  MobileProgrammingLLC.Tests.Listeners - Script 'app_tapOnNavigationMenuBtn' passed.
01:43:25.359 [main] INFO  MobileProgrammingLLC.Tests.Listeners - 
--------------------app_tapOnAboutOption--------------------

01:43:25.360 [main] DEBUG MobileProgrammingLLC.Resources.Base - Attempting to tap on element 'Located by By.chained({By.AndroidUIAutomator: text("About")})'...
01:43:32.337 [main] INFO  MobileProgrammingLLC.Resources.Base - Successfully tapped on 'Located by By.chained({By.AndroidUIAutomator: text("About")})'
01:43:32.338 [main] INFO  MobileProgrammingLLC.Tests.Listeners - Script 'app_tapOnAboutOption' passed.
01:43:32.339 [main] INFO  MobileProgrammingLLC.Tests.Listeners - 
--------------------app_verifyAboutPage--------------------

01:43:32.339 [main] DEBUG MobileProgrammingLLC.Resources.Base - Attempting to locate Located by By.chained({By.className: android.widget.ImageView}) on the page...
01:43:32.971 [main] INFO  MobileProgrammingLLC.Resources.Base - Located by By.chained({By.className: android.widget.ImageView}) is displayed on the page successfully.
01:43:32.971 [main] DEBUG MobileProgrammingLLC.Resources.Base - Attempting to locate Located by By.chained({By.AndroidUIAutomator: text("Developer")}) on the page...
01:43:33.296 [main] INFO  MobileProgrammingLLC.Resources.Base - Located by By.chained({By.AndroidUIAutomator: text("Developer")}) is displayed on the page successfully.
01:43:33.296 [main] DEBUG MobileProgrammingLLC.Resources.Base - Attempting to locate Located by By.chained({By.xpath: //android.widget.TextView[@text='Development']}) on the page...
01:43:34.177 [main] INFO  MobileProgrammingLLC.Resources.Base - Located by By.chained({By.xpath: //android.widget.TextView[@text='Development']}) is displayed on the page successfully.
01:43:34.177 [main] DEBUG MobileProgrammingLLC.Resources.Base - Attempting to locate Located by By.chained({By.id: com.snc.test.webview2:id/license}) on the page...
01:43:34.379 [main] INFO  MobileProgrammingLLC.Resources.Base - Located by By.chained({By.id: com.snc.test.webview2:id/license}) is displayed on the page successfully.
01:43:34.379 [main] DEBUG MobileProgrammingLLC.Resources.Base - Attempting to locate Located by By.chained({By.xpath: //android.widget.TextView[contains(@text,'Copyright ©')]}) on the page...
01:43:35.745 [main] INFO  MobileProgrammingLLC.Resources.Base - Located by By.chained({By.xpath: //android.widget.TextView[contains(@text,'Copyright ©')]}) is displayed on the page successfully.
01:43:35.746 [main] INFO  MobileProgrammingLLC.Tests.Listeners - Script 'app_verifyAboutPage' passed.
01:43:36.055 [main] DEBUG MobileProgrammingLLC.Resources.Base - Stopping Appium Server...
01:43:36.157 [main] INFO  MobileProgrammingLLC.Resources.Base - Server successfully stopped.
01:43:36.157 [main] INFO  MobileProgrammingLLC.Tests.WebViewTest_Web_ValidatingHomePageRedirection - Initializing Configurations...
01:43:36.158 [main] DEBUG MobileProgrammingLLC.Resources.Base - Loading locators...
01:43:36.158 [main] INFO  MobileProgrammingLLC.Resources.Base - Locators successfully loaded.
01:43:36.158 [main] DEBUG MobileProgrammingLLC.Resources.Base - Loading config file...
01:43:36.159 [main] INFO  MobileProgrammingLLC.Resources.Base - Config file successfully loaded.
01:43:36.159 [main] DEBUG MobileProgrammingLLC.Resources.Base - Loading data...
01:43:36.159 [main] INFO  MobileProgrammingLLC.Resources.Base - Data successfully loaded.
01:43:36.171 [main] DEBUG MobileProgrammingLLC.Resources.Base - Starting Appium Server...
01:43:47.081 [main] INFO  MobileProgrammingLLC.Resources.Base - Server successfully started.
01:43:47.082 [main] DEBUG MobileProgrammingLLC.Resources.Base - Setting Capabilities...
01:43:47.082 [main] DEBUG MobileProgrammingLLC.Resources.Base - Starting Emulator...
01:43:49.409 [main] INFO  MobileProgrammingLLC.Resources.Base - Emulator successfully started.
01:43:49.409 [main] INFO  MobileProgrammingLLC.Resources.Base - Capabilities Successfully set.
01:43:49.409 [main] DEBUG MobileProgrammingLLC.Resources.Base - Invoking the Native Application...
01:43:49.409 [main] INFO  MobileProgrammingLLC.Resources.Base - Application successfully invoked.
01:43:49.409 [main] DEBUG MobileProgrammingLLC.Resources.Base - Creating connection with Appium Server...
01:44:03.229 [main] INFO  MobileProgrammingLLC.Resources.Base - Connection successfully created.
01:44:03.483 [main] INFO  MobileProgrammingLLC.Tests.WebViewTest_Web_ValidatingHomePageRedirection - Configurations Successfully Initialized.
01:44:03.485 [main] INFO  MobileProgrammingLLC.Tests.Listeners - 
--------------------app_validateIntroTitle--------------------

01:44:03.485 [main] DEBUG MobileProgrammingLLC.Resources.Base - Attempting to compare content returned by "Located by By.chained({By.xpath: //android.widget.TextView[@text='Testing WebView Android App']})" from "Testing WebView Android App" ...
01:44:04.810 [main] INFO  MobileProgrammingLLC.Resources.Base - Comparison Successful!
01:44:04.810 [main] INFO  MobileProgrammingLLC.Tests.Listeners - Script 'app_validateIntroTitle' passed.
01:44:04.811 [main] INFO  MobileProgrammingLLC.Tests.Listeners - 
--------------------app_handlingConfirmPopUps--------------------

01:44:04.812 [main] DEBUG MobileProgrammingLLC.Resources.Base - Attempting to tap on element 'Located by By.chained({By.id: com.snc.test.webview2:id/action_go_website})'...
01:44:05.076 [main] INFO  MobileProgrammingLLC.Resources.Base - Successfully tapped on 'Located by By.chained({By.id: com.snc.test.webview2:id/action_go_website})'
01:44:05.076 [main] DEBUG MobileProgrammingLLC.Resources.Base - Attempting to tap on element 'Located by By.chained({By.AndroidUIAutomator: text("ALLOW")})'...
01:44:13.200 [main] INFO  MobileProgrammingLLC.Resources.Base - Successfully tapped on 'Located by By.chained({By.AndroidUIAutomator: text("ALLOW")})'
01:44:13.201 [main] DEBUG MobileProgrammingLLC.Resources.Base - Attempting to tap on element 'Located by By.chained({By.AndroidUIAutomator: text("ALLOW")})'...
01:44:14.928 [main] INFO  MobileProgrammingLLC.Resources.Base - Successfully tapped on 'Located by By.chained({By.AndroidUIAutomator: text("ALLOW")})'
01:44:14.929 [main] DEBUG MobileProgrammingLLC.Resources.Base - Attempting to tap on element 'Located by By.chained({By.AndroidUIAutomator: text("ALLOW")})'...
01:44:17.556 [main] INFO  MobileProgrammingLLC.Resources.Base - Successfully tapped on 'Located by By.chained({By.AndroidUIAutomator: text("ALLOW")})'
01:44:17.557 [main] INFO  MobileProgrammingLLC.Tests.Listeners - Script 'app_handlingConfirmPopUps' passed.
01:44:17.558 [main] INFO  MobileProgrammingLLC.Tests.Listeners - 
--------------------app_navigatingToWebSite--------------------

01:44:17.558 [main] DEBUG MobileProgrammingLLC.Resources.Base - Attempting to send "www.yahoo.com" to element "Located by By.chained({By.id: com.snc.test.webview2:id/input_url})"...
01:44:20.081 [main] INFO  MobileProgrammingLLC.Resources.Base - Content "www.yahoo.com" entered successfully into element "Located by By.chained({By.id: com.snc.test.webview2:id/input_url})"
01:44:20.082 [main] DEBUG MobileProgrammingLLC.Resources.Base - Attempting to tap on element 'Located by By.chained({By.xpath: //android.widget.Button[@text='MOVE']})'...
01:44:20.904 [main] INFO  MobileProgrammingLLC.Resources.Base - Successfully tapped on 'Located by By.chained({By.xpath: //android.widget.Button[@text='MOVE']})'
01:44:21.176 [main] DEBUG MobileProgrammingLLC.Resources.Base - Attempting to switch the context...
01:44:22.542 [main] INFO  MobileProgrammingLLC.Resources.Base - Switched to context WEBVIEW_com.snc.test.webview2 successfully.
01:44:22.542 [main] DEBUG MobileProgrammingLLC.Resources.Base - Waiting for By.xpath: //a[@id='header-logo'] to be clickable in DOM...
01:44:42.644 [main] INFO  MobileProgrammingLLC.Resources.Base - Element successfully located.
01:44:44.387 [main] DEBUG MobileProgrammingLLC.Resources.Base - Attempting to locate Located by By.xpath: //a[@id='header-logo'] on the page...
01:44:44.607 [main] INFO  MobileProgrammingLLC.Resources.Base - Located by By.xpath: //a[@id='header-logo'] is displayed on the page successfully.
01:44:44.608 [main] INFO  MobileProgrammingLLC.Tests.Listeners - Script 'app_navigatingToWebSite' passed.
01:44:44.609 [main] INFO  MobileProgrammingLLC.Tests.Listeners - 
--------------------app_tapOnNavigationMenuBtn--------------------

01:44:44.721 [main] DEBUG MobileProgrammingLLC.Resources.Base - Attempting to switch the context...
01:44:44.840 [main] INFO  MobileProgrammingLLC.Resources.Base - Switched to context NATIVE_APP successfully.
01:44:44.840 [main] DEBUG MobileProgrammingLLC.Resources.Base - Attempting to tap on element 'Located by By.chained({By.xpath: //android.widget.ImageButton})'...
01:45:02.157 [main] INFO  MobileProgrammingLLC.Resources.Base - Successfully tapped on 'Located by By.chained({By.xpath: //android.widget.ImageButton})'
01:45:02.157 [main] INFO  MobileProgrammingLLC.Tests.Listeners - Script 'app_tapOnNavigationMenuBtn' passed.
01:45:02.781 [main] DEBUG MobileProgrammingLLC.Resources.Base - Stopping Appium Server...
01:45:02.836 [main] INFO  MobileProgrammingLLC.Resources.Base - Server successfully stopped.
01:45:02.857 [main] INFO  MobileProgrammingLLC.Tests.Listeners - 
--------------------Test1--------------------

02:12:06.859 [main] INFO  MobileProgrammingLLC.Tests.Listeners - 
--------------------Test1--------------------

02:12:06.880 [main] INFO  MobileProgrammingLLC.Tests.WebViewTest_App_ValidatingAboutSection - Initializing Configurations...
02:12:06.881 [main] DEBUG MobileProgrammingLLC.Resources.Base - Loading locators...
02:12:06.881 [main] INFO  MobileProgrammingLLC.Resources.Base - Locators successfully loaded.
02:12:06.881 [main] DEBUG MobileProgrammingLLC.Resources.Base - Loading config file...
02:12:06.881 [main] INFO  MobileProgrammingLLC.Resources.Base - Config file successfully loaded.
02:12:06.881 [main] DEBUG MobileProgrammingLLC.Resources.Base - Loading data...
02:12:06.881 [main] INFO  MobileProgrammingLLC.Resources.Base - Data successfully loaded.
02:12:06.889 [main] DEBUG MobileProgrammingLLC.Resources.Base - Starting Appium Server...
02:12:16.470 [main] INFO  MobileProgrammingLLC.Resources.Base - Server successfully started.
02:12:16.470 [main] DEBUG MobileProgrammingLLC.Resources.Base - Setting Capabilities...
02:12:16.474 [main] DEBUG MobileProgrammingLLC.Resources.Base - Starting Emulator...
02:13:46.480 [main] INFO  MobileProgrammingLLC.Resources.Base - Emulator successfully started.
02:13:46.480 [main] INFO  MobileProgrammingLLC.Resources.Base - Capabilities Successfully set.
02:13:46.480 [main] DEBUG MobileProgrammingLLC.Resources.Base - Invoking the Native Application...
02:13:46.480 [main] INFO  MobileProgrammingLLC.Resources.Base - Application successfully invoked.
02:13:46.480 [main] DEBUG MobileProgrammingLLC.Resources.Base - Creating connection with Appium Server...
02:14:09.628 [main] INFO  MobileProgrammingLLC.Resources.Base - Connection successfully created.
02:14:10.772 [main] INFO  MobileProgrammingLLC.Tests.WebViewTest_App_ValidatingAboutSection - Configurations Successfully Initialized.
02:14:10.786 [main] INFO  MobileProgrammingLLC.Tests.Listeners - 
--------------------app_validateIntroTitle--------------------

02:14:10.786 [main] DEBUG MobileProgrammingLLC.Resources.Base - Attempting to compare content returned by "Located by By.chained({By.xpath: //android.widget.TextView[@text='Testing WebView Android App']})" from "Testing WebView Android App" ...
02:14:11.667 [main] INFO  MobileProgrammingLLC.Resources.Base - Comparison Successful!
02:14:11.668 [main] INFO  MobileProgrammingLLC.Tests.Listeners - Script 'app_validateIntroTitle' passed.
02:14:11.671 [main] INFO  MobileProgrammingLLC.Tests.Listeners - 
--------------------app_tapOnNavigationMenuBtn--------------------

02:14:11.764 [main] DEBUG MobileProgrammingLLC.Resources.Base - Attempting to switch the context...
02:14:11.841 [main] INFO  MobileProgrammingLLC.Resources.Base - Switched to context NATIVE_APP successfully.
02:14:11.842 [main] DEBUG MobileProgrammingLLC.Resources.Base - Attempting to tap on element 'Located by By.chained({By.xpath: //android.widget.ImageButton})'...
02:14:12.333 [main] INFO  MobileProgrammingLLC.Resources.Base - Successfully tapped on 'Located by By.chained({By.xpath: //android.widget.ImageButton})'
02:14:12.333 [main] INFO  MobileProgrammingLLC.Tests.Listeners - Script 'app_tapOnNavigationMenuBtn' passed.
02:14:12.334 [main] INFO  MobileProgrammingLLC.Tests.Listeners - 
--------------------app_tapOnAboutOption--------------------

02:14:12.335 [main] DEBUG MobileProgrammingLLC.Resources.Base - Attempting to tap on element 'Located by By.chained({By.AndroidUIAutomator: text("About")})'...
02:14:16.133 [main] INFO  MobileProgrammingLLC.Resources.Base - Successfully tapped on 'Located by By.chained({By.AndroidUIAutomator: text("About")})'
02:14:16.133 [main] INFO  MobileProgrammingLLC.Tests.Listeners - Script 'app_tapOnAboutOption' passed.
02:14:16.134 [main] INFO  MobileProgrammingLLC.Tests.Listeners - 
--------------------app_verifyAboutPage--------------------

02:14:16.134 [main] DEBUG MobileProgrammingLLC.Resources.Base - Attempting to locate Located by By.chained({By.className: android.widget.ImageView}) on the page...
02:14:17.086 [main] INFO  MobileProgrammingLLC.Resources.Base - Located by By.chained({By.className: android.widget.ImageView}) is displayed on the page successfully.
02:14:17.086 [main] DEBUG MobileProgrammingLLC.Resources.Base - Attempting to locate Located by By.chained({By.AndroidUIAutomator: text("Developer")}) on the page...
02:14:17.299 [main] INFO  MobileProgrammingLLC.Resources.Base - Located by By.chained({By.AndroidUIAutomator: text("Developer")}) is displayed on the page successfully.
02:14:17.299 [main] DEBUG MobileProgrammingLLC.Resources.Base - Attempting to locate Located by By.chained({By.xpath: //android.widget.TextView[@text='Development']}) on the page...
02:14:17.879 [main] INFO  MobileProgrammingLLC.Resources.Base - Located by By.chained({By.xpath: //android.widget.TextView[@text='Development']}) is displayed on the page successfully.
02:14:17.880 [main] DEBUG MobileProgrammingLLC.Resources.Base - Attempting to locate Located by By.chained({By.id: com.snc.test.webview2:id/license}) on the page...
02:14:18.208 [main] INFO  MobileProgrammingLLC.Resources.Base - Located by By.chained({By.id: com.snc.test.webview2:id/license}) is displayed on the page successfully.
02:14:18.208 [main] DEBUG MobileProgrammingLLC.Resources.Base - Attempting to locate Located by By.chained({By.xpath: //android.widget.TextView[contains(@text,'Copyright ©')]}) on the page...
02:14:18.568 [main] INFO  MobileProgrammingLLC.Resources.Base - Located by By.chained({By.xpath: //android.widget.TextView[contains(@text,'Copyright ©')]}) is displayed on the page successfully.
02:14:18.568 [main] INFO  MobileProgrammingLLC.Tests.Listeners - Script 'app_verifyAboutPage' passed.
02:14:18.705 [main] DEBUG MobileProgrammingLLC.Resources.Base - Stopping Appium Server...
02:14:18.757 [main] INFO  MobileProgrammingLLC.Resources.Base - Server successfully stopped.
02:14:18.758 [main] INFO  MobileProgrammingLLC.Tests.WebViewTest_Web_ValidatingHomePageRedirection - Initializing Configurations...
02:14:18.758 [main] DEBUG MobileProgrammingLLC.Resources.Base - Loading locators...
02:14:18.758 [main] INFO  MobileProgrammingLLC.Resources.Base - Locators successfully loaded.
02:14:18.758 [main] DEBUG MobileProgrammingLLC.Resources.Base - Loading config file...
02:14:18.759 [main] INFO  MobileProgrammingLLC.Resources.Base - Config file successfully loaded.
02:14:18.759 [main] DEBUG MobileProgrammingLLC.Resources.Base - Loading data...
02:14:18.759 [main] INFO  MobileProgrammingLLC.Resources.Base - Data successfully loaded.
02:14:18.769 [main] DEBUG MobileProgrammingLLC.Resources.Base - Starting Appium Server...
02:14:29.920 [main] INFO  MobileProgrammingLLC.Resources.Base - Server successfully started.
02:14:29.920 [main] DEBUG MobileProgrammingLLC.Resources.Base - Setting Capabilities...
02:14:29.920 [main] DEBUG MobileProgrammingLLC.Resources.Base - Starting Emulator...
02:14:32.312 [main] INFO  MobileProgrammingLLC.Resources.Base - Emulator successfully started.
02:14:32.312 [main] INFO  MobileProgrammingLLC.Resources.Base - Capabilities Successfully set.
02:14:32.313 [main] DEBUG MobileProgrammingLLC.Resources.Base - Invoking the Native Application...
02:14:32.313 [main] INFO  MobileProgrammingLLC.Resources.Base - Application successfully invoked.
02:14:32.313 [main] DEBUG MobileProgrammingLLC.Resources.Base - Creating connection with Appium Server...
02:14:50.750 [main] INFO  MobileProgrammingLLC.Resources.Base - Connection successfully created.
02:14:50.967 [main] INFO  MobileProgrammingLLC.Tests.WebViewTest_Web_ValidatingHomePageRedirection - Configurations Successfully Initialized.
02:14:50.968 [main] INFO  MobileProgrammingLLC.Tests.Listeners - 
--------------------app_validateIntroTitle--------------------

02:14:50.968 [main] DEBUG MobileProgrammingLLC.Resources.Base - Attempting to compare content returned by "Located by By.chained({By.xpath: //android.widget.TextView[@text='Testing WebView Android App']})" from "Testing WebView Android App" ...
02:14:52.680 [main] INFO  MobileProgrammingLLC.Resources.Base - Comparison Successful!
02:14:52.681 [main] INFO  MobileProgrammingLLC.Tests.Listeners - Script 'app_validateIntroTitle' passed.
02:14:52.682 [main] INFO  MobileProgrammingLLC.Tests.Listeners - 
--------------------app_handlingConfirmPopUps--------------------

02:14:52.682 [main] DEBUG MobileProgrammingLLC.Resources.Base - Attempting to tap on element 'Located by By.chained({By.id: com.snc.test.webview2:id/action_go_website})'...
02:14:52.969 [main] INFO  MobileProgrammingLLC.Resources.Base - Successfully tapped on 'Located by By.chained({By.id: com.snc.test.webview2:id/action_go_website})'
02:14:52.970 [main] DEBUG MobileProgrammingLLC.Resources.Base - Attempting to tap on element 'Located by By.chained({By.AndroidUIAutomator: text("ALLOW")})'...
02:15:00.912 [main] INFO  MobileProgrammingLLC.Resources.Base - Successfully tapped on 'Located by By.chained({By.AndroidUIAutomator: text("ALLOW")})'
02:15:00.912 [main] DEBUG MobileProgrammingLLC.Resources.Base - Attempting to tap on element 'Located by By.chained({By.AndroidUIAutomator: text("ALLOW")})'...
02:15:02.364 [main] INFO  MobileProgrammingLLC.Resources.Base - Successfully tapped on 'Located by By.chained({By.AndroidUIAutomator: text("ALLOW")})'
02:15:02.364 [main] DEBUG MobileProgrammingLLC.Resources.Base - Attempting to tap on element 'Located by By.chained({By.AndroidUIAutomator: text("ALLOW")})'...
02:15:05.039 [main] INFO  MobileProgrammingLLC.Resources.Base - Successfully tapped on 'Located by By.chained({By.AndroidUIAutomator: text("ALLOW")})'
02:15:05.039 [main] INFO  MobileProgrammingLLC.Tests.Listeners - Script 'app_handlingConfirmPopUps' passed.
02:15:05.040 [main] INFO  MobileProgrammingLLC.Tests.Listeners - 
--------------------app_navigatingToWebSite--------------------

02:15:05.040 [main] DEBUG MobileProgrammingLLC.Resources.Base - Attempting to send "www.yahoo.com" to element "Located by By.chained({By.id: com.snc.test.webview2:id/input_url})"...
02:15:07.519 [main] INFO  MobileProgrammingLLC.Resources.Base - Content "www.yahoo.com" entered successfully into element "Located by By.chained({By.id: com.snc.test.webview2:id/input_url})"
02:15:07.519 [main] DEBUG MobileProgrammingLLC.Resources.Base - Attempting to tap on element 'Located by By.chained({By.xpath: //android.widget.Button[@text='MOVE']})'...
02:15:08.358 [main] INFO  MobileProgrammingLLC.Resources.Base - Successfully tapped on 'Located by By.chained({By.xpath: //android.widget.Button[@text='MOVE']})'
02:15:09.206 [main] DEBUG MobileProgrammingLLC.Resources.Base - Attempting to switch the context...
02:15:17.044 [main] INFO  MobileProgrammingLLC.Resources.Base - Switched to context WEBVIEW_com.snc.test.webview2 successfully.
02:15:17.044 [main] DEBUG MobileProgrammingLLC.Resources.Base - Waiting for By.xpath: //a[@id='header-logo'] to be clickable in DOM...
02:15:17.300 [main] INFO  MobileProgrammingLLC.Resources.Base - Element successfully located.
02:15:23.950 [main] DEBUG MobileProgrammingLLC.Resources.Base - Attempting to locate Located by By.xpath: //a[@id='header-logo'] on the page...
02:15:24.161 [main] INFO  MobileProgrammingLLC.Resources.Base - Located by By.xpath: //a[@id='header-logo'] is displayed on the page successfully.
02:15:24.161 [main] INFO  MobileProgrammingLLC.Tests.Listeners - Script 'app_navigatingToWebSite' passed.
02:15:24.162 [main] INFO  MobileProgrammingLLC.Tests.Listeners - 
--------------------app_tapOnNavigationMenuBtn--------------------

02:15:24.295 [main] DEBUG MobileProgrammingLLC.Resources.Base - Attempting to switch the context...
02:15:24.410 [main] INFO  MobileProgrammingLLC.Resources.Base - Switched to context NATIVE_APP successfully.
02:15:24.411 [main] DEBUG MobileProgrammingLLC.Resources.Base - Attempting to tap on element 'Located by By.chained({By.xpath: //android.widget.ImageButton})'...
02:15:42.485 [main] INFO  MobileProgrammingLLC.Resources.Base - Successfully tapped on 'Located by By.chained({By.xpath: //android.widget.ImageButton})'
02:15:42.486 [main] INFO  MobileProgrammingLLC.Tests.Listeners - Script 'app_tapOnNavigationMenuBtn' passed.
02:15:43.055 [main] DEBUG MobileProgrammingLLC.Resources.Base - Stopping Appium Server...
02:15:43.106 [main] INFO  MobileProgrammingLLC.Resources.Base - Server successfully stopped.
02:15:43.125 [main] INFO  MobileProgrammingLLC.Tests.Listeners - 
--------------------Test1--------------------

01:03:48.185 [main] INFO  MobileProgrammingLLC.Tests.Listeners - 
--------------------Test1--------------------

01:03:48.204 [main] INFO  MobileProgrammingLLC.Tests.WebViewTest_App_ValidatingAboutSection - Initializing Configurations...
01:03:48.204 [main] DEBUG MobileProgrammingLLC.Resources.Base - Loading locators...
01:03:48.204 [main] INFO  MobileProgrammingLLC.Resources.Base - Locators successfully loaded.
01:03:48.205 [main] DEBUG MobileProgrammingLLC.Resources.Base - Loading config file...
01:03:48.205 [main] INFO  MobileProgrammingLLC.Resources.Base - Config file successfully loaded.
01:03:48.205 [main] DEBUG MobileProgrammingLLC.Resources.Base - Loading data...
01:03:48.205 [main] INFO  MobileProgrammingLLC.Resources.Base - Data successfully loaded.
01:03:48.213 [main] DEBUG MobileProgrammingLLC.Resources.Base - Starting Appium Server...
01:03:57.776 [main] INFO  MobileProgrammingLLC.Resources.Base - Server successfully started.
01:03:57.777 [main] DEBUG MobileProgrammingLLC.Resources.Base - Setting Capabilities...
01:03:57.781 [main] DEBUG MobileProgrammingLLC.Resources.Base - Starting Emulator...
01:05:27.788 [main] INFO  MobileProgrammingLLC.Resources.Base - Emulator successfully started.
01:05:27.789 [main] INFO  MobileProgrammingLLC.Resources.Base - Capabilities Successfully set.
01:05:27.789 [main] DEBUG MobileProgrammingLLC.Resources.Base - Invoking the Native Application...
01:05:27.789 [main] INFO  MobileProgrammingLLC.Resources.Base - Application successfully invoked.
01:05:27.789 [main] DEBUG MobileProgrammingLLC.Resources.Base - Creating connection with Appium Server...
01:06:26.153 [main] INFO  MobileProgrammingLLC.Tests.Listeners - 
--------------------app_validateIntroTitle--------------------

01:06:26.157 [main] INFO  MobileProgrammingLLC.Tests.WebViewTest_Web_ValidatingHomePageRedirection - Initializing Configurations...
01:06:26.157 [main] DEBUG MobileProgrammingLLC.Resources.Base - Loading locators...
01:06:26.157 [main] INFO  MobileProgrammingLLC.Resources.Base - Locators successfully loaded.
01:06:26.160 [main] DEBUG MobileProgrammingLLC.Resources.Base - Loading config file...
01:06:26.160 [main] INFO  MobileProgrammingLLC.Resources.Base - Config file successfully loaded.
01:06:26.160 [main] DEBUG MobileProgrammingLLC.Resources.Base - Loading data...
01:06:26.160 [main] INFO  MobileProgrammingLLC.Resources.Base - Data successfully loaded.
01:06:26.168 [main] DEBUG MobileProgrammingLLC.Resources.Base - Starting Appium Server...
01:06:33.290 [main] INFO  MobileProgrammingLLC.Resources.Base - Server successfully started.
01:06:33.291 [main] DEBUG MobileProgrammingLLC.Resources.Base - Setting Capabilities...
01:06:33.291 [main] DEBUG MobileProgrammingLLC.Resources.Base - Starting Emulator...
01:06:35.648 [main] INFO  MobileProgrammingLLC.Resources.Base - Emulator successfully started.
01:06:35.648 [main] INFO  MobileProgrammingLLC.Resources.Base - Capabilities Successfully set.
01:06:35.648 [main] DEBUG MobileProgrammingLLC.Resources.Base - Invoking the Native Application...
01:06:35.648 [main] INFO  MobileProgrammingLLC.Resources.Base - Application successfully invoked.
01:06:35.648 [main] DEBUG MobileProgrammingLLC.Resources.Base - Creating connection with Appium Server...
01:06:52.072 [main] INFO  MobileProgrammingLLC.Tests.Listeners - 
--------------------Test1--------------------

01:06:52.094 [main] INFO  MobileProgrammingLLC.Tests.WebViewTest_App_ValidatingAboutSection - Initializing Configurations...
01:06:52.094 [main] DEBUG MobileProgrammingLLC.Resources.Base - Loading locators...
01:06:52.095 [main] INFO  MobileProgrammingLLC.Resources.Base - Locators successfully loaded.
01:06:52.095 [main] DEBUG MobileProgrammingLLC.Resources.Base - Loading config file...
01:06:52.095 [main] INFO  MobileProgrammingLLC.Resources.Base - Config file successfully loaded.
01:06:52.095 [main] DEBUG MobileProgrammingLLC.Resources.Base - Loading data...
01:06:52.095 [main] INFO  MobileProgrammingLLC.Resources.Base - Data successfully loaded.
01:06:52.105 [main] DEBUG MobileProgrammingLLC.Resources.Base - Starting Appium Server...
01:06:59.414 [main] INFO  MobileProgrammingLLC.Resources.Base - Server successfully started.
01:06:59.414 [main] DEBUG MobileProgrammingLLC.Resources.Base - Setting Capabilities...
01:06:59.418 [main] DEBUG MobileProgrammingLLC.Resources.Base - Starting Emulator...
01:07:01.794 [main] INFO  MobileProgrammingLLC.Resources.Base - Emulator successfully started.
01:07:01.794 [main] INFO  MobileProgrammingLLC.Resources.Base - Capabilities Successfully set.
01:07:01.794 [main] DEBUG MobileProgrammingLLC.Resources.Base - Invoking the Native Application...
01:07:01.795 [main] INFO  MobileProgrammingLLC.Resources.Base - Application successfully invoked.
01:07:01.795 [main] DEBUG MobileProgrammingLLC.Resources.Base - Creating connection with Appium Server...
01:07:17.689 [main] INFO  MobileProgrammingLLC.Tests.Listeners - 
--------------------app_validateIntroTitle--------------------

01:07:17.694 [main] INFO  MobileProgrammingLLC.Tests.WebViewTest_Web_ValidatingHomePageRedirection - Initializing Configurations...
01:07:17.694 [main] DEBUG MobileProgrammingLLC.Resources.Base - Loading locators...
01:07:17.694 [main] INFO  MobileProgrammingLLC.Resources.Base - Locators successfully loaded.
01:07:17.694 [main] DEBUG MobileProgrammingLLC.Resources.Base - Loading config file...
01:07:17.694 [main] INFO  MobileProgrammingLLC.Resources.Base - Config file successfully loaded.
01:07:17.695 [main] DEBUG MobileProgrammingLLC.Resources.Base - Loading data...
01:07:17.695 [main] INFO  MobileProgrammingLLC.Resources.Base - Data successfully loaded.
01:07:17.707 [main] DEBUG MobileProgrammingLLC.Resources.Base - Starting Appium Server...
01:07:31.654 [main] INFO  MobileProgrammingLLC.Resources.Base - Server successfully started.
01:07:31.654 [main] DEBUG MobileProgrammingLLC.Resources.Base - Setting Capabilities...
01:07:31.654 [main] DEBUG MobileProgrammingLLC.Resources.Base - Starting Emulator...
01:07:34.025 [main] INFO  MobileProgrammingLLC.Resources.Base - Emulator successfully started.
01:07:34.025 [main] INFO  MobileProgrammingLLC.Resources.Base - Capabilities Successfully set.
01:07:34.025 [main] DEBUG MobileProgrammingLLC.Resources.Base - Invoking the Native Application...
01:07:34.025 [main] INFO  MobileProgrammingLLC.Resources.Base - Application successfully invoked.
01:07:34.025 [main] DEBUG MobileProgrammingLLC.Resources.Base - Creating connection with Appium Server...
01:08:11.070 [main] INFO  MobileProgrammingLLC.Tests.Listeners - 
--------------------app_validateIntroTitle--------------------

01:08:11.194 [main] INFO  MobileProgrammingLLC.Tests.Listeners - 
--------------------Test1--------------------

01:08:21.844 [main] INFO  MobileProgrammingLLC.Tests.Listeners - 
--------------------Test1--------------------

01:08:21.945 [main] INFO  MobileProgrammingLLC.Tests.WebViewTest_App_ValidatingAboutSection - Initializing Configurations...
01:08:21.946 [main] DEBUG MobileProgrammingLLC.Resources.Base - Loading locators...
01:08:21.946 [main] INFO  MobileProgrammingLLC.Resources.Base - Locators successfully loaded.
01:08:21.946 [main] DEBUG MobileProgrammingLLC.Resources.Base - Loading config file...
01:08:21.946 [main] INFO  MobileProgrammingLLC.Resources.Base - Config file successfully loaded.
01:08:21.946 [main] DEBUG MobileProgrammingLLC.Resources.Base - Loading data...
01:08:21.946 [main] INFO  MobileProgrammingLLC.Resources.Base - Data successfully loaded.
01:08:21.977 [main] DEBUG MobileProgrammingLLC.Resources.Base - Starting Appium Server...
01:08:29.444 [main] INFO  MobileProgrammingLLC.Resources.Base - Server successfully started.
01:08:29.444 [main] DEBUG MobileProgrammingLLC.Resources.Base - Setting Capabilities...
01:08:29.448 [main] DEBUG MobileProgrammingLLC.Resources.Base - Starting Emulator...
01:08:31.901 [main] INFO  MobileProgrammingLLC.Resources.Base - Emulator successfully started.
01:08:31.902 [main] INFO  MobileProgrammingLLC.Resources.Base - Capabilities Successfully set.
01:08:31.902 [main] DEBUG MobileProgrammingLLC.Resources.Base - Invoking the Native Application...
01:08:31.902 [main] INFO  MobileProgrammingLLC.Resources.Base - Application successfully invoked.
01:08:31.902 [main] DEBUG MobileProgrammingLLC.Resources.Base - Creating connection with Appium Server...
01:08:45.858 [main] INFO  MobileProgrammingLLC.Resources.Base - Connection successfully created.
01:08:46.483 [main] INFO  MobileProgrammingLLC.Tests.WebViewTest_App_ValidatingAboutSection - Configurations Successfully Initialized.
01:08:46.517 [main] INFO  MobileProgrammingLLC.Tests.Listeners - 
--------------------app_validateIntroTitle--------------------

01:08:46.518 [main] DEBUG MobileProgrammingLLC.Resources.Base - Attempting to compare content returned by "Located by By.chained({By.xpath: //android.widget.TextView[@text='Testing WebView Android App']})" from "Testing WebView Android App" ...
01:08:47.672 [main] INFO  MobileProgrammingLLC.Resources.Base - Comparison Successful!
01:08:47.673 [main] INFO  MobileProgrammingLLC.Tests.Listeners - Script 'app_validateIntroTitle' passed.
01:08:47.676 [main] INFO  MobileProgrammingLLC.Tests.Listeners - 
--------------------app_tapOnNavigationMenuBtn--------------------

01:08:47.756 [main] DEBUG MobileProgrammingLLC.Resources.Base - Attempting to switch the context...
01:08:47.823 [main] INFO  MobileProgrammingLLC.Resources.Base - Switched to context NATIVE_APP successfully.
01:08:47.823 [main] DEBUG MobileProgrammingLLC.Resources.Base - Attempting to tap on element 'Located by By.chained({By.xpath: //android.widget.ImageButton})'...
01:08:50.126 [main] INFO  MobileProgrammingLLC.Resources.Base - Successfully tapped on 'Located by By.chained({By.xpath: //android.widget.ImageButton})'
01:08:50.130 [main] INFO  MobileProgrammingLLC.Tests.Listeners - Script 'app_tapOnNavigationMenuBtn' passed.
01:08:50.131 [main] INFO  MobileProgrammingLLC.Tests.Listeners - 
--------------------app_tapOnAboutOption--------------------

01:08:50.132 [main] DEBUG MobileProgrammingLLC.Resources.Base - Attempting to tap on element 'Located by By.chained({By.AndroidUIAutomator: text("About")})'...
01:08:56.845 [main] INFO  MobileProgrammingLLC.Resources.Base - Successfully tapped on 'Located by By.chained({By.AndroidUIAutomator: text("About")})'
01:08:56.846 [main] INFO  MobileProgrammingLLC.Tests.Listeners - Script 'app_tapOnAboutOption' passed.
01:08:56.847 [main] INFO  MobileProgrammingLLC.Tests.Listeners - 
--------------------app_verifyAboutPage--------------------

01:08:56.847 [main] DEBUG MobileProgrammingLLC.Resources.Base - Attempting to locate Located by By.chained({By.className: android.widget.ImageView}) on the page...
01:08:57.343 [main] INFO  MobileProgrammingLLC.Resources.Base - Located by By.chained({By.className: android.widget.ImageView}) is displayed on the page successfully.
01:08:57.343 [main] DEBUG MobileProgrammingLLC.Resources.Base - Attempting to locate Located by By.chained({By.AndroidUIAutomator: text("Developer")}) on the page...
01:08:57.409 [main] INFO  MobileProgrammingLLC.Resources.Base - Located by By.chained({By.AndroidUIAutomator: text("Developer")}) is displayed on the page successfully.
01:08:57.410 [main] DEBUG MobileProgrammingLLC.Resources.Base - Attempting to locate Located by By.chained({By.xpath: //android.widget.TextView[@text='Development']}) on the page...
01:08:57.698 [main] INFO  MobileProgrammingLLC.Resources.Base - Located by By.chained({By.xpath: //android.widget.TextView[@text='Development']}) is displayed on the page successfully.
01:08:57.698 [main] DEBUG MobileProgrammingLLC.Resources.Base - Attempting to locate Located by By.chained({By.id: com.snc.test.webview2:id/license}) on the page...
01:08:57.798 [main] INFO  MobileProgrammingLLC.Resources.Base - Located by By.chained({By.id: com.snc.test.webview2:id/license}) is displayed on the page successfully.
01:08:57.798 [main] DEBUG MobileProgrammingLLC.Resources.Base - Attempting to locate Located by By.chained({By.xpath: //android.widget.TextView[contains(@text,'Copyright ©')]}) on the page...
01:08:58.114 [main] INFO  MobileProgrammingLLC.Resources.Base - Located by By.chained({By.xpath: //android.widget.TextView[contains(@text,'Copyright ©')]}) is displayed on the page successfully.
01:08:58.115 [main] INFO  MobileProgrammingLLC.Tests.Listeners - Script 'app_verifyAboutPage' passed.
01:09:00.598 [main] DEBUG MobileProgrammingLLC.Resources.Base - Stopping Appium Server...
01:09:00.654 [main] INFO  MobileProgrammingLLC.Resources.Base - Server successfully stopped.
01:09:00.655 [main] INFO  MobileProgrammingLLC.Tests.WebViewTest_Web_ValidatingHomePageRedirection - Initializing Configurations...
01:09:00.655 [main] DEBUG MobileProgrammingLLC.Resources.Base - Loading locators...
01:09:00.655 [main] INFO  MobileProgrammingLLC.Resources.Base - Locators successfully loaded.
01:09:00.655 [main] DEBUG MobileProgrammingLLC.Resources.Base - Loading config file...
01:09:00.655 [main] INFO  MobileProgrammingLLC.Resources.Base - Config file successfully loaded.
01:09:00.655 [main] DEBUG MobileProgrammingLLC.Resources.Base - Loading data...
01:09:00.655 [main] INFO  MobileProgrammingLLC.Resources.Base - Data successfully loaded.
01:09:00.672 [main] DEBUG MobileProgrammingLLC.Resources.Base - Starting Appium Server...
01:09:10.460 [main] INFO  MobileProgrammingLLC.Resources.Base - Server successfully started.
01:09:10.461 [main] DEBUG MobileProgrammingLLC.Resources.Base - Setting Capabilities...
01:09:10.461 [main] DEBUG MobileProgrammingLLC.Resources.Base - Starting Emulator...
01:09:12.806 [main] INFO  MobileProgrammingLLC.Resources.Base - Emulator successfully started.
01:09:12.806 [main] INFO  MobileProgrammingLLC.Resources.Base - Capabilities Successfully set.
01:09:12.807 [main] DEBUG MobileProgrammingLLC.Resources.Base - Invoking the Native Application...
01:09:12.807 [main] INFO  MobileProgrammingLLC.Resources.Base - Application successfully invoked.
01:09:12.807 [main] DEBUG MobileProgrammingLLC.Resources.Base - Creating connection with Appium Server...
01:09:22.501 [main] INFO  MobileProgrammingLLC.Resources.Base - Connection successfully created.
01:09:22.551 [main] INFO  MobileProgrammingLLC.Tests.WebViewTest_Web_ValidatingHomePageRedirection - Configurations Successfully Initialized.
01:09:22.552 [main] INFO  MobileProgrammingLLC.Tests.Listeners - 
--------------------app_validateIntroTitle--------------------

01:09:22.552 [main] DEBUG MobileProgrammingLLC.Resources.Base - Attempting to compare content returned by "Located by By.chained({By.xpath: //android.widget.TextView[@text='Testing WebView Android App']})" from "Testing WebView Android App" ...
01:09:23.743 [main] INFO  MobileProgrammingLLC.Resources.Base - Comparison Successful!
01:09:23.744 [main] INFO  MobileProgrammingLLC.Tests.Listeners - Script 'app_validateIntroTitle' passed.
01:09:23.745 [main] INFO  MobileProgrammingLLC.Tests.Listeners - 
--------------------app_handlingConfirmPopUps--------------------

01:09:23.745 [main] DEBUG MobileProgrammingLLC.Resources.Base - Attempting to tap on element 'Located by By.chained({By.id: com.snc.test.webview2:id/action_go_website})'...
01:09:24.226 [main] INFO  MobileProgrammingLLC.Resources.Base - Successfully tapped on 'Located by By.chained({By.id: com.snc.test.webview2:id/action_go_website})'
01:09:24.226 [main] DEBUG MobileProgrammingLLC.Resources.Base - Attempting to tap on element 'Located by By.chained({By.AndroidUIAutomator: text("ALLOW")})'...
01:09:31.777 [main] INFO  MobileProgrammingLLC.Resources.Base - Successfully tapped on 'Located by By.chained({By.AndroidUIAutomator: text("ALLOW")})'
01:09:31.778 [main] DEBUG MobileProgrammingLLC.Resources.Base - Attempting to tap on element 'Located by By.chained({By.AndroidUIAutomator: text("ALLOW")})'...
01:09:33.457 [main] INFO  MobileProgrammingLLC.Resources.Base - Successfully tapped on 'Located by By.chained({By.AndroidUIAutomator: text("ALLOW")})'
01:09:33.458 [main] DEBUG MobileProgrammingLLC.Resources.Base - Attempting to tap on element 'Located by By.chained({By.AndroidUIAutomator: text("ALLOW")})'...
01:09:37.959 [main] INFO  MobileProgrammingLLC.Resources.Base - Successfully tapped on 'Located by By.chained({By.AndroidUIAutomator: text("ALLOW")})'
01:09:37.960 [main] INFO  MobileProgrammingLLC.Tests.Listeners - Script 'app_handlingConfirmPopUps' passed.
01:09:37.961 [main] INFO  MobileProgrammingLLC.Tests.Listeners - 
--------------------app_navigatingToWebSite--------------------

01:09:37.961 [main] DEBUG MobileProgrammingLLC.Resources.Base - Attempting to send "www.yahoo.com" to element "Located by By.chained({By.id: com.snc.test.webview2:id/input_url})"...
01:09:53.359 [main] INFO  MobileProgrammingLLC.Resources.Base - Content "www.yahoo.com" entered successfully into element "Located by By.chained({By.id: com.snc.test.webview2:id/input_url})"
01:09:53.359 [main] DEBUG MobileProgrammingLLC.Resources.Base - Attempting to tap on element 'Located by By.chained({By.xpath: //android.widget.Button[@text='MOVE']})'...
01:09:55.045 [main] INFO  MobileProgrammingLLC.Resources.Base - Successfully tapped on 'Located by By.chained({By.xpath: //android.widget.Button[@text='MOVE']})'
01:09:55.892 [main] DEBUG MobileProgrammingLLC.Resources.Base - Attempting to switch the context...
01:10:04.319 [main] INFO  MobileProgrammingLLC.Resources.Base - Switched to context WEBVIEW_com.snc.test.webview2 successfully.
01:10:04.320 [main] DEBUG MobileProgrammingLLC.Resources.Base - Waiting for By.xpath: //a[@id='header-logo'] to be clickable in DOM...
01:10:04.800 [main] INFO  MobileProgrammingLLC.Resources.Base - Element successfully located.
01:10:07.089 [main] DEBUG MobileProgrammingLLC.Resources.Base - Attempting to locate Located by By.xpath: //a[@id='header-logo'] on the page...
01:10:07.306 [main] INFO  MobileProgrammingLLC.Resources.Base - Located by By.xpath: //a[@id='header-logo'] is displayed on the page successfully.
01:10:07.307 [main] INFO  MobileProgrammingLLC.Tests.Listeners - Script 'app_navigatingToWebSite' passed.
01:10:07.308 [main] INFO  MobileProgrammingLLC.Tests.Listeners - 
--------------------app_tapOnNavigationMenuBtn--------------------

01:10:07.463 [main] DEBUG MobileProgrammingLLC.Resources.Base - Attempting to switch the context...
01:10:07.730 [main] INFO  MobileProgrammingLLC.Resources.Base - Switched to context NATIVE_APP successfully.
01:10:07.730 [main] DEBUG MobileProgrammingLLC.Resources.Base - Attempting to tap on element 'Located by By.chained({By.xpath: //android.widget.ImageButton})'...
01:10:10.817 [main] INFO  MobileProgrammingLLC.Resources.Base - Successfully tapped on 'Located by By.chained({By.xpath: //android.widget.ImageButton})'
01:10:10.817 [main] INFO  MobileProgrammingLLC.Tests.Listeners - Script 'app_tapOnNavigationMenuBtn' passed.
01:10:13.249 [main] DEBUG MobileProgrammingLLC.Resources.Base - Stopping Appium Server...
01:10:13.303 [main] INFO  MobileProgrammingLLC.Resources.Base - Server successfully stopped.
01:10:13.322 [main] INFO  MobileProgrammingLLC.Tests.Listeners - 
--------------------Test1--------------------

01:15:43.993 [main] INFO  MobileProgrammingLLC.Tests.Listeners - 
--------------------Test1--------------------

01:15:44.016 [main] INFO  MobileProgrammingLLC.Tests.WebViewTest_App_ValidatingAboutSection - Initializing Configurations...
01:15:44.016 [main] DEBUG MobileProgrammingLLC.Resources.Base - Loading locators...
01:15:44.017 [main] INFO  MobileProgrammingLLC.Resources.Base - Locators successfully loaded.
01:15:44.017 [main] DEBUG MobileProgrammingLLC.Resources.Base - Loading config file...
01:15:44.017 [main] INFO  MobileProgrammingLLC.Resources.Base - Config file successfully loaded.
01:15:44.017 [main] DEBUG MobileProgrammingLLC.Resources.Base - Loading data...
01:15:44.017 [main] INFO  MobileProgrammingLLC.Resources.Base - Data successfully loaded.
01:15:44.026 [main] DEBUG MobileProgrammingLLC.Resources.Base - Starting Appium Server...
01:15:53.982 [main] INFO  MobileProgrammingLLC.Resources.Base - Server successfully started.
01:15:53.983 [main] DEBUG MobileProgrammingLLC.Resources.Base - Setting Capabilities...
01:15:53.987 [main] DEBUG MobileProgrammingLLC.Resources.Base - Starting Emulator...
01:15:56.351 [main] INFO  MobileProgrammingLLC.Resources.Base - Emulator successfully started.
01:15:56.352 [main] INFO  MobileProgrammingLLC.Resources.Base - Capabilities Successfully set.
01:15:56.352 [main] DEBUG MobileProgrammingLLC.Resources.Base - Invoking the Native Application...
01:15:56.353 [main] INFO  MobileProgrammingLLC.Resources.Base - Application successfully invoked.
01:15:56.353 [main] DEBUG MobileProgrammingLLC.Resources.Base - Creating connection with Appium Server...
01:16:07.092 [main] INFO  MobileProgrammingLLC.Resources.Base - Connection successfully created.
01:16:07.844 [main] INFO  MobileProgrammingLLC.Tests.WebViewTest_App_ValidatingAboutSection - Configurations Successfully Initialized.
01:16:07.857 [main] INFO  MobileProgrammingLLC.Tests.Listeners - 
--------------------app_validateIntroTitle--------------------

01:16:07.858 [main] DEBUG MobileProgrammingLLC.Resources.Base - Attempting to compare content returned by "Located by By.chained({By.xpath: //android.widget.TextView[@text='Testing WebView Android App']})" from "Testing WebView Android App" ...
01:16:08.795 [main] INFO  MobileProgrammingLLC.Resources.Base - Comparison Successful!
01:16:08.795 [main] INFO  MobileProgrammingLLC.Tests.Listeners - Script 'app_validateIntroTitle' passed.
01:16:08.798 [main] INFO  MobileProgrammingLLC.Tests.Listeners - 
--------------------app_tapOnNavigationMenuBtn--------------------

01:16:08.962 [main] DEBUG MobileProgrammingLLC.Resources.Base - Attempting to switch the context...
01:16:09.130 [main] INFO  MobileProgrammingLLC.Resources.Base - Switched to context NATIVE_APP successfully.
01:16:09.130 [main] DEBUG MobileProgrammingLLC.Resources.Base - Attempting to tap on element 'Located by By.chained({By.xpath: //android.widget.ImageButton})'...
01:16:11.222 [main] INFO  MobileProgrammingLLC.Resources.Base - Successfully tapped on 'Located by By.chained({By.xpath: //android.widget.ImageButton})'
01:16:11.223 [main] INFO  MobileProgrammingLLC.Tests.Listeners - Script 'app_tapOnNavigationMenuBtn' passed.
01:16:11.224 [main] INFO  MobileProgrammingLLC.Tests.Listeners - 
--------------------app_tapOnAboutOption--------------------

01:16:11.224 [main] DEBUG MobileProgrammingLLC.Resources.Base - Attempting to tap on element 'Located by By.chained({By.AndroidUIAutomator: text("About")})'...
01:16:13.391 [main] INFO  MobileProgrammingLLC.Resources.Base - Successfully tapped on 'Located by By.chained({By.AndroidUIAutomator: text("About")})'
01:16:13.391 [main] INFO  MobileProgrammingLLC.Tests.Listeners - Script 'app_tapOnAboutOption' passed.
01:16:13.392 [main] INFO  MobileProgrammingLLC.Tests.Listeners - 
--------------------app_verifyAboutPage--------------------

01:16:13.396 [main] DEBUG MobileProgrammingLLC.Resources.Base - Attempting to locate Located by By.chained({By.className: android.widget.ImageView}) on the page...
01:16:14.361 [main] INFO  MobileProgrammingLLC.Resources.Base - Located by By.chained({By.className: android.widget.ImageView}) is displayed on the page successfully.
01:16:14.362 [main] DEBUG MobileProgrammingLLC.Resources.Base - Attempting to locate Located by By.chained({By.AndroidUIAutomator: text("Developer")}) on the page...
01:16:14.513 [main] INFO  MobileProgrammingLLC.Resources.Base - Located by By.chained({By.AndroidUIAutomator: text("Developer")}) is displayed on the page successfully.
01:16:14.514 [main] DEBUG MobileProgrammingLLC.Resources.Base - Attempting to locate Located by By.chained({By.xpath: //android.widget.TextView[@text='Development']}) on the page...
01:16:14.846 [main] INFO  MobileProgrammingLLC.Resources.Base - Located by By.chained({By.xpath: //android.widget.TextView[@text='Development']}) is displayed on the page successfully.
01:16:14.847 [main] DEBUG MobileProgrammingLLC.Resources.Base - Attempting to locate Located by By.chained({By.id: com.snc.test.webview2:id/license}) on the page...
01:16:14.943 [main] INFO  MobileProgrammingLLC.Resources.Base - Located by By.chained({By.id: com.snc.test.webview2:id/license}) is displayed on the page successfully.
01:16:14.943 [main] DEBUG MobileProgrammingLLC.Resources.Base - Attempting to locate Located by By.chained({By.xpath: //android.widget.TextView[contains(@text,'Copyright ©')]}) on the page...
01:16:15.250 [main] INFO  MobileProgrammingLLC.Resources.Base - Located by By.chained({By.xpath: //android.widget.TextView[contains(@text,'Copyright ©')]}) is displayed on the page successfully.
01:16:15.250 [main] INFO  MobileProgrammingLLC.Tests.Listeners - Script 'app_verifyAboutPage' passed.
01:16:17.754 [main] DEBUG MobileProgrammingLLC.Resources.Base - Stopping Appium Server...
01:16:17.807 [main] INFO  MobileProgrammingLLC.Resources.Base - Server successfully stopped.
01:16:17.808 [main] INFO  MobileProgrammingLLC.Tests.WebViewTest_Web_ValidatingHomePageRedirection - Initializing Configurations...
01:16:17.808 [main] DEBUG MobileProgrammingLLC.Resources.Base - Loading locators...
01:16:17.809 [main] INFO  MobileProgrammingLLC.Resources.Base - Locators successfully loaded.
01:16:17.809 [main] DEBUG MobileProgrammingLLC.Resources.Base - Loading config file...
01:16:17.809 [main] INFO  MobileProgrammingLLC.Resources.Base - Config file successfully loaded.
01:16:17.809 [main] DEBUG MobileProgrammingLLC.Resources.Base - Loading data...
01:16:17.809 [main] INFO  MobileProgrammingLLC.Resources.Base - Data successfully loaded.
01:16:17.822 [main] DEBUG MobileProgrammingLLC.Resources.Base - Starting Appium Server...
01:16:27.618 [main] INFO  MobileProgrammingLLC.Resources.Base - Server successfully started.
01:16:27.618 [main] DEBUG MobileProgrammingLLC.Resources.Base - Setting Capabilities...
01:16:27.618 [main] DEBUG MobileProgrammingLLC.Resources.Base - Starting Emulator...
01:16:29.941 [main] INFO  MobileProgrammingLLC.Resources.Base - Emulator successfully started.
01:16:29.941 [main] INFO  MobileProgrammingLLC.Resources.Base - Capabilities Successfully set.
01:16:29.941 [main] DEBUG MobileProgrammingLLC.Resources.Base - Invoking the Native Application...
01:16:29.942 [main] INFO  MobileProgrammingLLC.Resources.Base - Application successfully invoked.
01:16:29.942 [main] DEBUG MobileProgrammingLLC.Resources.Base - Creating connection with Appium Server...
01:16:39.068 [main] INFO  MobileProgrammingLLC.Resources.Base - Connection successfully created.
01:16:39.154 [main] INFO  MobileProgrammingLLC.Tests.WebViewTest_Web_ValidatingHomePageRedirection - Configurations Successfully Initialized.
01:16:39.155 [main] INFO  MobileProgrammingLLC.Tests.Listeners - 
--------------------app_validateIntroTitle--------------------

01:16:39.155 [main] DEBUG MobileProgrammingLLC.Resources.Base - Attempting to compare content returned by "Located by By.chained({By.xpath: //android.widget.TextView[@text='Testing WebView Android App']})" from "Testing WebView Android App" ...
01:16:40.452 [main] INFO  MobileProgrammingLLC.Resources.Base - Comparison Successful!
01:16:40.452 [main] INFO  MobileProgrammingLLC.Tests.Listeners - Script 'app_validateIntroTitle' passed.
01:16:40.453 [main] INFO  MobileProgrammingLLC.Tests.Listeners - 
--------------------app_handlingConfirmPopUps--------------------

01:16:40.453 [main] DEBUG MobileProgrammingLLC.Resources.Base - Attempting to tap on element 'Located by By.chained({By.id: com.snc.test.webview2:id/action_go_website})'...
01:16:41.036 [main] INFO  MobileProgrammingLLC.Resources.Base - Successfully tapped on 'Located by By.chained({By.id: com.snc.test.webview2:id/action_go_website})'
01:16:41.036 [main] DEBUG MobileProgrammingLLC.Resources.Base - Attempting to tap on element 'Located by By.chained({By.AndroidUIAutomator: text("ALLOW")})'...
01:16:44.221 [main] INFO  MobileProgrammingLLC.Resources.Base - Successfully tapped on 'Located by By.chained({By.AndroidUIAutomator: text("ALLOW")})'
01:16:44.222 [main] DEBUG MobileProgrammingLLC.Resources.Base - Attempting to tap on element 'Located by By.chained({By.AndroidUIAutomator: text("ALLOW")})'...
01:16:46.281 [main] INFO  MobileProgrammingLLC.Resources.Base - Successfully tapped on 'Located by By.chained({By.AndroidUIAutomator: text("ALLOW")})'
01:16:46.282 [main] DEBUG MobileProgrammingLLC.Resources.Base - Attempting to tap on element 'Located by By.chained({By.AndroidUIAutomator: text("ALLOW")})'...
01:16:50.574 [main] INFO  MobileProgrammingLLC.Resources.Base - Successfully tapped on 'Located by By.chained({By.AndroidUIAutomator: text("ALLOW")})'
01:16:50.575 [main] INFO  MobileProgrammingLLC.Tests.Listeners - Script 'app_handlingConfirmPopUps' passed.
01:16:50.577 [main] INFO  MobileProgrammingLLC.Tests.Listeners - 
--------------------app_navigatingToWebSite--------------------

01:16:50.577 [main] DEBUG MobileProgrammingLLC.Resources.Base - Attempting to send "www.yahoo.com" to element "Located by By.chained({By.id: com.snc.test.webview2:id/input_url})"...
01:17:01.183 [main] INFO  MobileProgrammingLLC.Resources.Base - Content "www.yahoo.com" entered successfully into element "Located by By.chained({By.id: com.snc.test.webview2:id/input_url})"
01:17:01.183 [main] DEBUG MobileProgrammingLLC.Resources.Base - Attempting to tap on element 'Located by By.chained({By.xpath: //android.widget.Button[@text='MOVE']})'...
01:17:02.340 [main] INFO  MobileProgrammingLLC.Resources.Base - Successfully tapped on 'Located by By.chained({By.xpath: //android.widget.Button[@text='MOVE']})'
01:17:03.308 [main] DEBUG MobileProgrammingLLC.Resources.Base - Attempting to switch the context...
01:17:11.448 [main] INFO  MobileProgrammingLLC.Resources.Base - Switched to context WEBVIEW_com.snc.test.webview2 successfully.
01:17:11.448 [main] DEBUG MobileProgrammingLLC.Resources.Base - Waiting for By.xpath: //a[@id='header-logo'] to be clickable in DOM...
01:17:41.740 [main] ERROR MobileProgrammingLLC.Resources.Base - Element having locator 'By.xpath: //a[@id='header-logo']' could not be located.
01:17:43.017 [main] ERROR MobileProgrammingLLC.Tests.Listeners - Script 'app_navigatingToWebSite' failed. Dumping screenshot...
01:18:06.786 [main] ERROR MobileProgrammingLLC.Tests.Listeners - Screenshot capture interrupted.
01:18:06.870 [main] INFO  MobileProgrammingLLC.Tests.Listeners - 
--------------------Test1--------------------

01:19:55.060 [main] INFO  MobileProgrammingLLC.Tests.Listeners - 
--------------------Test1--------------------

01:19:55.085 [main] INFO  MobileProgrammingLLC.Tests.WebViewTest_App_ValidatingAboutSection - Initializing Configurations...
01:19:55.085 [main] DEBUG MobileProgrammingLLC.Resources.Base - Loading locators...
01:19:55.086 [main] INFO  MobileProgrammingLLC.Resources.Base - Locators successfully loaded.
01:19:55.086 [main] DEBUG MobileProgrammingLLC.Resources.Base - Loading config file...
01:19:55.086 [main] INFO  MobileProgrammingLLC.Resources.Base - Config file successfully loaded.
01:19:55.086 [main] DEBUG MobileProgrammingLLC.Resources.Base - Loading data...
01:19:55.086 [main] INFO  MobileProgrammingLLC.Resources.Base - Data successfully loaded.
01:19:55.095 [main] DEBUG MobileProgrammingLLC.Resources.Base - Starting Appium Server...
01:20:04.699 [main] INFO  MobileProgrammingLLC.Resources.Base - Server successfully started.
01:20:04.699 [main] DEBUG MobileProgrammingLLC.Resources.Base - Setting Capabilities...
01:20:04.704 [main] DEBUG MobileProgrammingLLC.Resources.Base - Starting Emulator...
01:21:34.709 [main] INFO  MobileProgrammingLLC.Resources.Base - Emulator successfully started.
01:21:34.709 [main] INFO  MobileProgrammingLLC.Resources.Base - Capabilities Successfully set.
01:21:34.709 [main] DEBUG MobileProgrammingLLC.Resources.Base - Invoking the Native Application...
01:21:34.709 [main] INFO  MobileProgrammingLLC.Resources.Base - Application successfully invoked.
01:21:34.709 [main] DEBUG MobileProgrammingLLC.Resources.Base - Creating connection with Appium Server...
01:21:54.258 [main] INFO  MobileProgrammingLLC.Resources.Base - Connection successfully created.
01:21:54.985 [main] INFO  MobileProgrammingLLC.Tests.WebViewTest_App_ValidatingAboutSection - Configurations Successfully Initialized.
01:21:55.007 [main] INFO  MobileProgrammingLLC.Tests.Listeners - 
--------------------app_validateIntroTitle--------------------

01:21:55.008 [main] DEBUG MobileProgrammingLLC.Resources.Base - Attempting to compare content returned by "Located by By.chained({By.xpath: //android.widget.TextView[@text='Testing WebView Android App']})" from "Testing WebView Android App" ...
01:21:56.259 [main] INFO  MobileProgrammingLLC.Resources.Base - Comparison Successful!
01:21:56.259 [main] INFO  MobileProgrammingLLC.Tests.Listeners - Script 'app_validateIntroTitle' passed.
01:21:56.261 [main] INFO  MobileProgrammingLLC.Tests.Listeners - 
--------------------app_tapOnNavigationMenuBtn--------------------

01:21:56.398 [main] DEBUG MobileProgrammingLLC.Resources.Base - Attempting to switch the context...
01:21:56.587 [main] INFO  MobileProgrammingLLC.Resources.Base - Switched to context NATIVE_APP successfully.
01:21:56.587 [main] DEBUG MobileProgrammingLLC.Resources.Base - Attempting to tap on element 'Located by By.chained({By.xpath: //android.widget.ImageButton})'...
01:21:59.156 [main] INFO  MobileProgrammingLLC.Resources.Base - Successfully tapped on 'Located by By.chained({By.xpath: //android.widget.ImageButton})'
01:21:59.156 [main] INFO  MobileProgrammingLLC.Tests.Listeners - Script 'app_tapOnNavigationMenuBtn' passed.
01:21:59.157 [main] INFO  MobileProgrammingLLC.Tests.Listeners - 
--------------------app_tapOnAboutOption--------------------

01:21:59.158 [main] DEBUG MobileProgrammingLLC.Resources.Base - Attempting to tap on element 'Located by By.chained({By.AndroidUIAutomator: text("About")})'...
01:22:01.659 [main] INFO  MobileProgrammingLLC.Resources.Base - Successfully tapped on 'Located by By.chained({By.AndroidUIAutomator: text("About")})'
01:22:01.659 [main] INFO  MobileProgrammingLLC.Tests.Listeners - Script 'app_tapOnAboutOption' passed.
01:22:01.660 [main] INFO  MobileProgrammingLLC.Tests.Listeners - 
--------------------app_verifyAboutPage--------------------

01:22:01.660 [main] DEBUG MobileProgrammingLLC.Resources.Base - Attempting to locate Located by By.chained({By.className: android.widget.ImageView}) on the page...
01:22:02.309 [main] INFO  MobileProgrammingLLC.Resources.Base - Located by By.chained({By.className: android.widget.ImageView}) is displayed on the page successfully.
01:22:02.309 [main] DEBUG MobileProgrammingLLC.Resources.Base - Attempting to locate Located by By.chained({By.AndroidUIAutomator: text("Developer")}) on the page...
01:22:02.960 [main] INFO  MobileProgrammingLLC.Resources.Base - Located by By.chained({By.AndroidUIAutomator: text("Developer")}) is displayed on the page successfully.
01:22:02.960 [main] DEBUG MobileProgrammingLLC.Resources.Base - Attempting to locate Located by By.chained({By.xpath: //android.widget.TextView[@text='Development']}) on the page...
01:22:03.563 [main] INFO  MobileProgrammingLLC.Resources.Base - Located by By.chained({By.xpath: //android.widget.TextView[@text='Development']}) is displayed on the page successfully.
01:22:03.563 [main] DEBUG MobileProgrammingLLC.Resources.Base - Attempting to locate Located by By.chained({By.id: com.snc.test.webview2:id/license}) on the page...
01:22:03.723 [main] INFO  MobileProgrammingLLC.Resources.Base - Located by By.chained({By.id: com.snc.test.webview2:id/license}) is displayed on the page successfully.
01:22:03.723 [main] DEBUG MobileProgrammingLLC.Resources.Base - Attempting to locate Located by By.chained({By.xpath: //android.widget.TextView[contains(@text,'Copyright ©')]}) on the page...
01:22:04.199 [main] INFO  MobileProgrammingLLC.Resources.Base - Located by By.chained({By.xpath: //android.widget.TextView[contains(@text,'Copyright ©')]}) is displayed on the page successfully.
01:22:04.200 [main] INFO  MobileProgrammingLLC.Tests.Listeners - Script 'app_verifyAboutPage' passed.
01:22:07.185 [main] DEBUG MobileProgrammingLLC.Resources.Base - Stopping Appium Server...
01:22:07.242 [main] INFO  MobileProgrammingLLC.Resources.Base - Server successfully stopped.
01:22:07.243 [main] INFO  MobileProgrammingLLC.Tests.WebViewTest_Web_ValidatingHomePageRedirection - Initializing Configurations...
01:22:07.243 [main] DEBUG MobileProgrammingLLC.Resources.Base - Loading locators...
01:22:07.244 [main] INFO  MobileProgrammingLLC.Resources.Base - Locators successfully loaded.
01:22:07.244 [main] DEBUG MobileProgrammingLLC.Resources.Base - Loading config file...
01:22:07.244 [main] INFO  MobileProgrammingLLC.Resources.Base - Config file successfully loaded.
01:22:07.244 [main] DEBUG MobileProgrammingLLC.Resources.Base - Loading data...
01:22:07.245 [main] INFO  MobileProgrammingLLC.Resources.Base - Data successfully loaded.
01:22:07.256 [main] DEBUG MobileProgrammingLLC.Resources.Base - Starting Appium Server...
01:22:18.015 [main] INFO  MobileProgrammingLLC.Resources.Base - Server successfully started.
01:22:18.015 [main] DEBUG MobileProgrammingLLC.Resources.Base - Setting Capabilities...
01:22:18.015 [main] DEBUG MobileProgrammingLLC.Resources.Base - Starting Emulator...
01:22:20.339 [main] INFO  MobileProgrammingLLC.Resources.Base - Emulator successfully started.
01:22:20.340 [main] INFO  MobileProgrammingLLC.Resources.Base - Capabilities Successfully set.
01:22:20.340 [main] DEBUG MobileProgrammingLLC.Resources.Base - Invoking the Native Application...
01:22:20.340 [main] INFO  MobileProgrammingLLC.Resources.Base - Application successfully invoked.
01:22:20.340 [main] DEBUG MobileProgrammingLLC.Resources.Base - Creating connection with Appium Server...
01:22:32.793 [main] INFO  MobileProgrammingLLC.Resources.Base - Connection successfully created.
01:22:32.914 [main] INFO  MobileProgrammingLLC.Tests.WebViewTest_Web_ValidatingHomePageRedirection - Configurations Successfully Initialized.
01:22:32.915 [main] INFO  MobileProgrammingLLC.Tests.Listeners - 
--------------------app_validateIntroTitle--------------------

01:22:32.918 [main] DEBUG MobileProgrammingLLC.Resources.Base - Attempting to compare content returned by "Located by By.chained({By.xpath: //android.widget.TextView[@text='Testing WebView Android App']})" from "Testing WebView Android App" ...
01:22:34.133 [main] INFO  MobileProgrammingLLC.Resources.Base - Comparison Successful!
01:22:34.134 [main] INFO  MobileProgrammingLLC.Tests.Listeners - Script 'app_validateIntroTitle' passed.
01:22:34.134 [main] INFO  MobileProgrammingLLC.Tests.Listeners - 
--------------------app_handlingConfirmPopUps--------------------

01:22:34.135 [main] DEBUG MobileProgrammingLLC.Resources.Base - Attempting to tap on element 'Located by By.chained({By.id: com.snc.test.webview2:id/action_go_website})'...
01:22:34.614 [main] INFO  MobileProgrammingLLC.Resources.Base - Successfully tapped on 'Located by By.chained({By.id: com.snc.test.webview2:id/action_go_website})'
01:22:34.615 [main] DEBUG MobileProgrammingLLC.Resources.Base - Attempting to tap on element 'Located by By.chained({By.AndroidUIAutomator: text("ALLOW")})'...
01:22:42.261 [main] INFO  MobileProgrammingLLC.Resources.Base - Successfully tapped on 'Located by By.chained({By.AndroidUIAutomator: text("ALLOW")})'
01:22:42.262 [main] DEBUG MobileProgrammingLLC.Resources.Base - Attempting to tap on element 'Located by By.chained({By.AndroidUIAutomator: text("ALLOW")})'...
01:22:44.022 [main] INFO  MobileProgrammingLLC.Resources.Base - Successfully tapped on 'Located by By.chained({By.AndroidUIAutomator: text("ALLOW")})'
01:22:44.022 [main] DEBUG MobileProgrammingLLC.Resources.Base - Attempting to tap on element 'Located by By.chained({By.AndroidUIAutomator: text("ALLOW")})'...
01:22:48.350 [main] INFO  MobileProgrammingLLC.Resources.Base - Successfully tapped on 'Located by By.chained({By.AndroidUIAutomator: text("ALLOW")})'
01:22:48.350 [main] INFO  MobileProgrammingLLC.Tests.Listeners - Script 'app_handlingConfirmPopUps' passed.
01:22:48.351 [main] INFO  MobileProgrammingLLC.Tests.Listeners - 
--------------------app_navigatingToWebSite--------------------

01:22:48.352 [main] DEBUG MobileProgrammingLLC.Resources.Base - Attempting to send "www.yahoo.com" to element "Located by By.chained({By.id: com.snc.test.webview2:id/input_url})"...
01:23:02.727 [main] INFO  MobileProgrammingLLC.Resources.Base - Content "www.yahoo.com" entered successfully into element "Located by By.chained({By.id: com.snc.test.webview2:id/input_url})"
01:23:02.727 [main] DEBUG MobileProgrammingLLC.Resources.Base - Attempting to tap on element 'Located by By.chained({By.xpath: //android.widget.Button[@text='MOVE']})'...
01:23:06.388 [main] INFO  MobileProgrammingLLC.Resources.Base - Successfully tapped on 'Located by By.chained({By.xpath: //android.widget.Button[@text='MOVE']})'
01:23:06.710 [main] DEBUG MobileProgrammingLLC.Resources.Base - Attempting to switch the context...
01:23:12.719 [main] INFO  MobileProgrammingLLC.Resources.Base - Switched to context WEBVIEW_com.snc.test.webview2 successfully.
01:23:12.719 [main] DEBUG MobileProgrammingLLC.Resources.Base - Waiting for By.xpath: //a[@id='header-logo'] to be clickable in DOM...
01:23:43.057 [main] ERROR MobileProgrammingLLC.Resources.Base - Element having locator 'By.xpath: //a[@id='header-logo']' could not be located.
01:23:44.355 [main] ERROR MobileProgrammingLLC.Tests.Listeners - Script 'app_navigatingToWebSite' failed. Dumping screenshot...
01:25:45.471 [main] ERROR MobileProgrammingLLC.Tests.Listeners - Screenshot capture interrupted.
01:25:47.680 [main] DEBUG MobileProgrammingLLC.Resources.Base - Stopping Appium Server...
01:25:47.731 [main] INFO  MobileProgrammingLLC.Resources.Base - Server successfully stopped.
01:25:47.764 [main] INFO  MobileProgrammingLLC.Tests.Listeners - 
--------------------Test1--------------------

